{
  "RSpec": {
    "coverage": {
      "/Users/thomastakahashi/Turing/turing_work/2mod/projects/pokemon/spec/test_helper.rb": {
        "lines": [
          1,
          1,
          1,
          1,
          1,
          1,
          1,
          null,
          1,
          1,
          null,
          1,
          1,
          null,
          1,
          1,
          null,
          1,
          1,
          null,
          1,
          1,
          null,
          1,
          1,
          null
        ]
      },
      "/Users/thomastakahashi/Turing/turing_work/2mod/projects/pokemon/config/environment.rb": {
        "lines": [
          null,
          1,
          null,
          null,
          1
        ]
      },
      "/Users/thomastakahashi/Turing/turing_work/2mod/projects/pokemon/config/application.rb": {
        "lines": [
          1,
          null,
          1,
          null,
          1,
          1,
          1,
          1,
          1,
          1,
          1,
          1,
          1,
          1,
          null,
          null,
          null,
          null,
          1,
          null,
          1,
          1,
          null,
          1,
          null,
          null,
          null,
          null,
          null,
          null,
          null,
          null,
          null,
          null,
          1,
          null,
          null
        ]
      },
      "/Users/thomastakahashi/Turing/turing_work/2mod/projects/pokemon/config/boot.rb": {
        "lines": [
          1,
          null,
          1,
          1
        ]
      },
      "/Users/thomastakahashi/Turing/turing_work/2mod/projects/pokemon/config/environments/test.rb": {
        "lines": [
          1,
          null,
          null,
          null,
          null,
          null,
          null,
          1,
          null,
          null,
          null,
          1,
          null,
          null,
          null,
          null,
          1,
          null,
          null,
          1,
          1,
          null,
          null,
          null,
          null,
          1,
          1,
          1,
          null,
          null,
          1,
          null,
          null,
          1,
          null,
          null,
          1,
          null,
          1,
          null,
          null,
          null,
          null,
          1,
          null,
          null,
          1,
          null,
          null,
          1,
          null,
          null,
          1,
          null,
          null,
          null,
          null,
          null,
          null,
          null
        ]
      },
      "/Users/thomastakahashi/Turing/turing_work/2mod/projects/pokemon/config/initializers/assets.rb": {
        "lines": [
          null,
          null,
          null,
          1,
          null,
          null,
          null,
          null,
          null,
          null,
          null,
          null
        ]
      },
      "/Users/thomastakahashi/Turing/turing_work/2mod/projects/pokemon/config/initializers/content_security_policy.rb": {
        "lines": [
          null,
          null,
          null,
          null,
          null,
          null,
          null,
          null,
          null,
          null,
          null,
          null,
          null,
          null,
          null,
          null,
          null,
          null,
          null,
          null,
          null,
          null,
          null,
          null,
          null
        ]
      },
      "/Users/thomastakahashi/Turing/turing_work/2mod/projects/pokemon/config/initializers/filter_parameter_logging.rb": {
        "lines": [
          null,
          null,
          null,
          null,
          null,
          1,
          null,
          null
        ]
      },
      "/Users/thomastakahashi/Turing/turing_work/2mod/projects/pokemon/config/initializers/inflections.rb": {
        "lines": [
          null,
          null,
          null,
          null,
          null,
          null,
          null,
          null,
          null,
          null,
          null,
          null,
          null,
          null,
          null,
          null
        ]
      },
      "/Users/thomastakahashi/Turing/turing_work/2mod/projects/pokemon/config/initializers/permissions_policy.rb": {
        "lines": [
          null,
          null,
          null,
          null,
          null,
          null,
          null,
          null,
          null,
          null,
          null
        ]
      },
      "/Users/thomastakahashi/Turing/turing_work/2mod/projects/pokemon/config/routes.rb": {
        "lines": [
          1,
          null,
          null,
          null,
          null,
          null,
          1,
          1,
          1,
          1,
          null
        ]
      },
      "/Users/thomastakahashi/Turing/turing_work/2mod/projects/pokemon/app/helpers/application_helper.rb": {
        "lines": [
          1,
          null
        ]
      },
      "/Users/thomastakahashi/Turing/turing_work/2mod/projects/pokemon/app/models/trainer.rb": {
        "lines": [
          1,
          1,
          null,
          1,
          1,
          1,
          1,
          1,
          1,
          null
        ]
      },
      "/Users/thomastakahashi/Turing/turing_work/2mod/projects/pokemon/app/models/application_record.rb": {
        "lines": [
          1,
          1,
          null
        ]
      },
      "/Users/thomastakahashi/Turing/turing_work/2mod/projects/pokemon/app/models/pocket_monster.rb": {
        "lines": [
          1,
          1,
          null,
          1,
          1,
          1,
          1,
          1,
          1,
          null
        ]
      },
      "/Users/thomastakahashi/Turing/turing_work/2mod/projects/pokemon/app/controllers/pocket_monsters_controller.rb": {
        "lines": [
          1,
          1,
          1,
          null,
          null
        ]
      },
      "/Users/thomastakahashi/Turing/turing_work/2mod/projects/pokemon/app/controllers/application_controller.rb": {
        "lines": [
          1,
          null
        ]
      }
    },
    "timestamp": 1693349544
  }
}
